<?xml version="1.0" encoding="UTF-8"?>
<!-- Generated by org.testng.reporters.JUnitXMLReporter -->
<testsuite ignored="0" hostname="00660f8a3e1950a" failures="0" tests="4" name="Default test" time="13.243" errors="0" timestamp="2023-10-04T21:40:38 IST">
  <testcase classname="com.aqe.DemoTest" name="searchAmazon" time="1.895"/>
  <testcase classname="com.aqe.DemoTest" name="clickAmazonLink" time="1.684"/>
  <testcase classname="com.aqe.DemoTest" name="searchForFridge" time="2.232"/>
  <testcase classname="com.aqe.DemoTest" name="addToCart" time="0.599"/>
</testsuite> <!-- Default test -->
