<?xml version="1.0" encoding="UTF-8"?>
<testng-results ignored="0" total="4" passed="4" failed="0" skipped="0">
  <reporter-output>
  </reporter-output>
  <suite started-at="2023-10-04T21:40:24 IST" name="Default suite" finished-at="2023-10-04T21:40:38 IST" duration-ms="13243">
    <groups>
    </groups>
    <test started-at="2023-10-04T21:40:24 IST" name="Default test" finished-at="2023-10-04T21:40:38 IST" duration-ms="13243">
      <class name="com.aqe.DemoTest">
        <test-method is-config="true" signature="setUp()[pri:0, instance:com.aqe.DemoTest@2a7ed1f]" started-at="2023-10-04T21:40:24 IST" name="setUp" finished-at="2023-10-04T21:40:30 IST" duration-ms="5148" status="PASS">
          <reporter-output>
          </reporter-output>
        </test-method> <!-- setUp -->
        <test-method signature="searchAmazon()[pri:1, instance:com.aqe.DemoTest@2a7ed1f]" started-at="2023-10-04T21:40:30 IST" name="searchAmazon" finished-at="2023-10-04T21:40:32 IST" duration-ms="1895" status="PASS">
          <reporter-output>
          </reporter-output>
        </test-method> <!-- searchAmazon -->
        <test-method signature="clickAmazonLink()[pri:2, instance:com.aqe.DemoTest@2a7ed1f]" started-at="2023-10-04T21:40:32 IST" name="clickAmazonLink" finished-at="2023-10-04T21:40:33 IST" duration-ms="1684" status="PASS">
          <reporter-output>
          </reporter-output>
        </test-method> <!-- clickAmazonLink -->
        <test-method signature="searchForFridge()[pri:3, instance:com.aqe.DemoTest@2a7ed1f]" started-at="2023-10-04T21:40:33 IST" name="searchForFridge" finished-at="2023-10-04T21:40:35 IST" duration-ms="2232" status="PASS">
          <reporter-output>
          </reporter-output>
        </test-method> <!-- searchForFridge -->
        <test-method signature="addToCart()[pri:4, instance:com.aqe.DemoTest@2a7ed1f]" started-at="2023-10-04T21:40:35 IST" name="addToCart" finished-at="2023-10-04T21:40:36 IST" duration-ms="599" status="PASS">
          <reporter-output>
          </reporter-output>
        </test-method> <!-- addToCart -->
        <test-method is-config="true" signature="tearDown()[pri:0, instance:com.aqe.DemoTest@2a7ed1f]" started-at="2023-10-04T21:40:36 IST" name="tearDown" finished-at="2023-10-04T21:40:38 IST" duration-ms="1623" status="PASS">
          <reporter-output>
          </reporter-output>
        </test-method> <!-- tearDown -->
      </class> <!-- com.aqe.DemoTest -->
    </test> <!-- Default test -->
  </suite> <!-- Default suite -->
</testng-results>
